<?xml version="1.0" encoding="UTF-8"?>
<testng-results skipped="0" failed="0" ignored="0" total="2" passed="2">
  <reporter-output>
  </reporter-output>
  <suite name="Suite" duration-ms="94" started-at="2022-12-28T05:51:28Z" finished-at="2022-12-28T05:51:28Z">
    <groups>
    </groups>
    <test name="Test" duration-ms="94" started-at="2022-12-28T05:51:28Z" finished-at="2022-12-28T05:51:28Z">
      <class name="com.dedalus.jacoco.app.AppLoginTest">
        <test-method status="PASS" signature="login_test1()[pri:0, instance:com.dedalus.jacoco.app.AppLoginTest@6b4283c4]" name="login_test1" duration-ms="23" started-at="2022-12-28T05:51:28Z" finished-at="2022-12-28T05:51:28Z">
          <reporter-output>
          </reporter-output>
        </test-method> <!-- login_test1 -->
        <test-method status="PASS" signature="login_test2()[pri:0, instance:com.dedalus.jacoco.app.AppLoginTest@6b4283c4]" name="login_test2" duration-ms="0" started-at="2022-12-28T05:51:28Z" finished-at="2022-12-28T05:51:28Z">
          <reporter-output>
          </reporter-output>
        </test-method> <!-- login_test2 -->
      </class> <!-- com.dedalus.jacoco.app.AppLoginTest -->
    </test> <!-- Test -->
  </suite> <!-- Suite -->
</testng-results>
